<?xml version="1.0" encoding="UTF-8"?>
<!-- Generated by org.testng.reporters.JUnitXMLReporter -->
<testsuite ignored="0" hostname="SHANKAR-PC" failures="0" tests="3" name="Default test" time="42.223" errors="0" timestamp="11 Aug 2022 17:26:20 GMT">
  <testcase classname="com.crm.qa.testcaes.LoginPageTest" name="loginPageTitleTest" time="0.032"/>
  <testcase classname="com.crm.qa.testcaes.LoginPageTest" name="crmLogoImageTest" time="0.105"/>
  <testcase classname="com.crm.qa.testcaes.LoginPageTest" name="loginTest" time="11.32"/>
</testsuite> <!-- Default test -->
