<?xml version="1.0" encoding="UTF-8"?>
<testng-results ignored="0" total="3" passed="3" failed="0" skipped="0">
  <reporter-output>
  </reporter-output>
  <suite started-at="2022-08-11T17:25:38Z" name="Default suite" finished-at="2022-08-11T17:26:20Z" duration-ms="42223">
    <groups>
    </groups>
    <test started-at="2022-08-11T17:25:38Z" name="Default test" finished-at="2022-08-11T17:26:20Z" duration-ms="42223">
      <class name="com.crm.qa.testcaes.LoginPageTest">
        <test-method is-config="true" signature="setUp()[pri:0, instance:com.crm.qa.testcaes.LoginPageTest@413f69cc]" started-at="2022-08-11T22:55:38Z" name="setUp" finished-at="2022-08-11T22:55:49Z" duration-ms="10483" status="PASS">
          <reporter-output>
          </reporter-output>
        </test-method> <!-- setUp -->
        <test-method signature="loginPageTitleTest()[pri:1, instance:com.crm.qa.testcaes.LoginPageTest@413f69cc]" started-at="2022-08-11T22:55:49Z" name="loginPageTitleTest" finished-at="2022-08-11T22:55:49Z" duration-ms="32" status="PASS">
          <reporter-output>
          </reporter-output>
        </test-method> <!-- loginPageTitleTest -->
        <test-method is-config="true" signature="tearDown()[pri:0, instance:com.crm.qa.testcaes.LoginPageTest@413f69cc]" started-at="2022-08-11T22:55:49Z" name="tearDown" finished-at="2022-08-11T22:55:49Z" duration-ms="197" status="PASS">
          <reporter-output>
          </reporter-output>
        </test-method> <!-- tearDown -->
        <test-method is-config="true" signature="setUp()[pri:0, instance:com.crm.qa.testcaes.LoginPageTest@413f69cc]" started-at="2022-08-11T22:55:49Z" name="setUp" finished-at="2022-08-11T22:55:59Z" duration-ms="10227" status="PASS">
          <reporter-output>
          </reporter-output>
        </test-method> <!-- setUp -->
        <test-method signature="crmLogoImageTest()[pri:2, instance:com.crm.qa.testcaes.LoginPageTest@413f69cc]" started-at="2022-08-11T22:55:59Z" name="crmLogoImageTest" finished-at="2022-08-11T22:55:59Z" duration-ms="105" status="PASS">
          <reporter-output>
          </reporter-output>
        </test-method> <!-- crmLogoImageTest -->
        <test-method is-config="true" signature="tearDown()[pri:0, instance:com.crm.qa.testcaes.LoginPageTest@413f69cc]" started-at="2022-08-11T22:55:59Z" name="tearDown" finished-at="2022-08-11T22:55:59Z" duration-ms="211" status="PASS">
          <reporter-output>
          </reporter-output>
        </test-method> <!-- tearDown -->
        <test-method is-config="true" signature="setUp()[pri:0, instance:com.crm.qa.testcaes.LoginPageTest@413f69cc]" started-at="2022-08-11T22:55:59Z" name="setUp" finished-at="2022-08-11T22:56:09Z" duration-ms="9392" status="PASS">
          <reporter-output>
          </reporter-output>
        </test-method> <!-- setUp -->
        <test-method signature="loginTest()[pri:3, instance:com.crm.qa.testcaes.LoginPageTest@413f69cc]" started-at="2022-08-11T22:56:09Z" name="loginTest" finished-at="2022-08-11T22:56:20Z" duration-ms="11320" status="PASS">
          <reporter-output>
          </reporter-output>
        </test-method> <!-- loginTest -->
        <test-method is-config="true" signature="tearDown()[pri:0, instance:com.crm.qa.testcaes.LoginPageTest@413f69cc]" started-at="2022-08-11T22:56:20Z" name="tearDown" finished-at="2022-08-11T22:56:20Z" duration-ms="233" status="PASS">
          <reporter-output>
          </reporter-output>
        </test-method> <!-- tearDown -->
      </class> <!-- com.crm.qa.testcaes.LoginPageTest -->
    </test> <!-- Default test -->
  </suite> <!-- Default suite -->
</testng-results>
